<?xml version="1.0" encoding="UTF-8"?>
<!-- Generated by org.testng.reporters.JUnitReportReporter -->
<testsuite hostname="Yuvaraj" failures="0" tests="1" name="PojoPayloads.ummydtaseri" time="0.160" errors="0" timestamp="2022-07-01T18:44:30 IST" skipped="0">
  <testcase classname="PojoPayloads.ummydtaseri" name="createDatafromPOJO" time="0.160"/>
  <system-out/>
</testsuite> <!-- PojoPayloads.ummydtaseri -->
