<?xml version="1.0" encoding="UTF-8"?>
<!-- Generated by org.testng.reporters.JUnitReportReporter -->
<testsuite hostname="Yuvaraj" failures="0" tests="2" name="PojoPayloads.DataSerialize" time="0.247" errors="0" timestamp="2022-07-01T18:48:13 IST" skipped="0">
  <testcase classname="PojoPayloads.DataSerialize" name="createDatafromPOJO" time="0.205"/>
  <system-out/>
  <testcase classname="PojoPayloads.DataSerialize" name="getPojoFromObject" time="0.042"/>
  <system-out/>
</testsuite> <!-- PojoPayloads.DataSerialize -->
