<?xml version="1.0" encoding="UTF-8"?>
<!-- Generated by org.testng.reporters.JUnitReportReporter -->
<testsuite hostname="Yuvaraj" failures="0" tests="2" name="PojoPayloads.jsonArraySeril" time="0.270" errors="0" timestamp="2022-07-02T01:01:22 IST" skipped="0">
  <testcase classname="PojoPayloads.jsonArraySeril" name="getJsonArray" time="0.078"/>
  <system-out/>
  <testcase classname="PojoPayloads.jsonArraySeril" name="JsonArraySerial" time="0.192"/>
  <system-out/>
</testsuite> <!-- PojoPayloads.jsonArraySeril -->
